d:\myfile\mydepository\github\csharp\ads_capldll\vs_project\debug\capldll.lib
d:\myfile\mydepository\github\csharp\ads_capldll\vs_project\debug\capldll.exp
d:\myfile\mydepository\github\csharp\ads_capldll\vs_project\debug\ads_capl.bsc
d:\myfile\mydepository\github\csharp\ads_capldll\vs_project\debug\vc141.pdb
d:\myfile\mydepository\github\csharp\ads_capldll\vs_project\debug\ads_main.sbr
d:\myfile\mydepository\github\csharp\ads_capldll\vs_project\debug\securityalgorithm.sbr
d:\myfile\mydepository\github\csharp\ads_capldll\vs_project\debug\util.sbr
d:\myfile\mydepository\github\csharp\ads_capldll\vs_project\debug\util.obj
d:\myfile\mydepository\github\csharp\ads_capldll\vs_project\debug\securityalgorithm.obj
d:\myfile\mydepository\github\csharp\ads_capldll\vs_project\debug\ads_main.obj
d:\myfile\mydepository\github\csharp\ads_capldll\vs_project\debug\capldll.dll
d:\myfile\mydepository\github\csharp\ads_capldll\vs_project\debug\capldll.map
d:\myfile\mydepository\github\csharp\ads_capldll\vs_project\debug\capldll.pdb
d:\myfile\mydepository\github\csharp\ads_capldll\vs_project\debug\ads_capl.tlog\ads_capl.write.1u.tlog
d:\myfile\mydepository\github\csharp\ads_capldll\vs_project\debug\ads_capl.tlog\bscmake.command.1.tlog
d:\myfile\mydepository\github\csharp\ads_capldll\vs_project\debug\ads_capl.tlog\bscmake.read.1.tlog
d:\myfile\mydepository\github\csharp\ads_capldll\vs_project\debug\ads_capl.tlog\bscmake.write.1.tlog
d:\myfile\mydepository\github\csharp\ads_capldll\vs_project\debug\ads_capl.tlog\cl.command.1.tlog
d:\myfile\mydepository\github\csharp\ads_capldll\vs_project\debug\ads_capl.tlog\cl.read.1.tlog
d:\myfile\mydepository\github\csharp\ads_capldll\vs_project\debug\ads_capl.tlog\cl.write.1.tlog
d:\myfile\mydepository\github\csharp\ads_capldll\vs_project\debug\ads_capl.tlog\link.command.1.tlog
d:\myfile\mydepository\github\csharp\ads_capldll\vs_project\debug\ads_capl.tlog\link.read.1.tlog
d:\myfile\mydepository\github\csharp\ads_capldll\vs_project\debug\ads_capl.tlog\link.write.1.tlog
